<?xml version="1.0" encoding="UTF-8"?>
<testsuite xmlns:xsi="http://www.w3.org/2001/XMLSchema-instance" xsi:noNamespaceSchemaLocation="https://maven.apache.org/surefire/maven-surefire-plugin/xsd/surefire-test-report.xsd" name="TestDataframe" time="0.334" tests="68" errors="0" skipped="0" failures="0">
  <properties>
[...]
</properties>
  <testcase name="testSelectionColonneNomInconnu" classname="TestDataframe" time="0.005"/>
  <testcase name="testgetMinEachCol" classname="TestDataframe" time="0"/>
  <testcase name="testSelectionElementsLigneNegatif" classname="TestDataframe" time="0"/>
  <testcase name="testprintDataframeFirstLines" classname="TestDataframe" time="0.009"/>
  <testcase name="testMaxEachCol" classname="TestDataframe" time="0"/>
  <testcase name="testSelectionElementColonneTropGrand" classname="TestDataframe" time="0.001"/>
  <testcase name="testSelectionIndexNegatif" classname="TestDataframe" time="0"/>
  <testcase name="testMaxEachColVide" classname="TestDataframe" time="0"/>
  <testcase name="testSelectionLignesListeVide" classname="TestDataframe" time="0"/>
  <testcase name="testAjout" classname="TestDataframe" time="0.001"/>
  <testcase name="testIsInt" classname="TestDataframe" time="0"/>
  <testcase name="testSdAll" classname="TestDataframe" time="0"/>
  <testcase name="testSdCol" classname="TestDataframe" time="0"/>
  <testcase name="testToTab" classname="TestDataframe" time="0.01"/>
  <testcase name="testSelectionMasqueTailleDifferente" classname="TestDataframe" time="0"/>
  <testcase name="testAjoutTropGrand" classname="TestDataframe" time="0.091"/>
  <testcase name="testAjoutTropLarge" classname="TestDataframe" time="0.162"/>
  <testcase name="testSelection" classname="TestDataframe" time="0"/>
  <testcase name="testSelectionElementLigneNegatif" classname="TestDataframe" time="0"/>
  <testcase name="testSelectionLignesListeNulle" classname="TestDataframe" time="0"/>
  <testcase name="testMeanEachColVide" classname="TestDataframe" time="0"/>
  <testcase name="testMinEachColVide" classname="TestDataframe" time="0"/>
  <testcase name="testGetName" classname="TestDataframe" time="0"/>
  <testcase name="testSelectionElementColonneNegatif" classname="TestDataframe" time="0"/>
  <testcase name="testMinColZero" classname="TestDataframe" time="0.001"/>
  <testcase name="testMeanColNeg" classname="TestDataframe" time="0"/>
  <testcase name="testMaxColNeg" classname="TestDataframe" time="0"/>
  <testcase name="testgetMaxSizeSeries" classname="TestDataframe" time="0"/>
  <testcase name="testSelectionElementsColonneNegatif" classname="TestDataframe" time="0"/>
  <testcase name="testSdColZero" classname="TestDataframe" time="0"/>
  <testcase name="testSdColNeg" classname="TestDataframe" time="0"/>
  <testcase name="testSelectionIndexTropGrand" classname="TestDataframe" time="0.001"/>
  <testcase name="testSelectionColonnes" classname="TestDataframe" time="0"/>
  <testcase name="testIsDouble" classname="TestDataframe" time="0"/>
  <testcase name="testSelectionElementLigneTropGrand" classname="TestDataframe" time="0"/>
  <testcase name="testMeanColZero" classname="TestDataframe" time="0"/>
  <testcase name="testSelectionElementsLigneTropGrand" classname="TestDataframe" time="0"/>
  <testcase name="testDataframe" classname="TestDataframe" time="0.001"/>
  <testcase name="testSelectionElementsColonneNull" classname="TestDataframe" time="0"/>
  <testcase name="testSelectionElementsColonneVide" classname="TestDataframe" time="0"/>
  <testcase name="testMinColNeg" classname="TestDataframe" time="0"/>
  <testcase name="testSelectionColonne" classname="TestDataframe" time="0"/>
  <testcase name="testMeanAll" classname="TestDataframe" time="0"/>
  <testcase name="testMeanCol" classname="TestDataframe" time="0"/>
  <testcase name="testSelectionElements" classname="TestDataframe" time="0"/>
  <testcase name="testprintDataframe" classname="TestDataframe" time="0.001"/>
  <testcase name="testSelectionElementsColonneTropGrand" classname="TestDataframe" time="0"/>
  <testcase name="testSelectionLignesIndexNegatif" classname="TestDataframe" time="0"/>
  <testcase name="testSelectionLignesIndexTropGrand" classname="TestDataframe" time="0"/>
  <testcase name="testSelectionElementsLigneNull" classname="TestDataframe" time="0"/>
  <testcase name="testSelectionElementsLigneVide" classname="TestDataframe" time="0"/>
  <testcase name="testSelectionMasqueNull" classname="TestDataframe" time="0"/>
  <testcase name="testSelectionMasqueVide" classname="TestDataframe" time="0"/>
  <testcase name="testgetSdEachCol" classname="TestDataframe" time="0"/>
  <testcase name="testMaxColZero" classname="TestDataframe" time="0"/>
  <testcase name="testSelectionColonnesNomInconnu" classname="TestDataframe" time="0"/>
  <testcase name="testSelectionColonnesListNull" classname="TestDataframe" time="0"/>
  <testcase name="testSelectionColonnesListVide" classname="TestDataframe" time="0"/>
  <testcase name="testMaxAll" classname="TestDataframe" time="0"/>
  <testcase name="testMaxCol" classname="TestDataframe" time="0"/>
  <testcase name="testMinAll" classname="TestDataframe" time="0"/>
  <testcase name="testMinCol" classname="TestDataframe" time="0"/>
  <testcase name="testMeanEachCol" classname="TestDataframe" time="0"/>
  <testcase name="testprintDataframeLastLines" classname="TestDataframe" time="0"/>
  <testcase name="testSdEachColVide" classname="TestDataframe" time="0"/>
  <testcase name="testSelectionLignes" classname="TestDataframe" time="0"/>
  <testcase name="testSelectionMasque" classname="TestDataframe" time="0"/>
  <testcase name="testSelectionElement" classname="TestDataframe" time="0"/>
</testsuite>